<?xml version="1.0" encoding="UTF-8"?>
<!-- Generated by org.testng.reporters.JUnitReportReporter -->
<testsuite hostname="LAPTOP-CNSK0O45" failures="0" tests="5" name="com.SwagLabs.Tests.LoginTest" time="7.682" errors="0" timestamp="2025-03-21T12:59:32 IST" skipped="0">
  <testcase classname="com.SwagLabs.Tests.LoginTest" name="Swag_Login" time="0.403"/>
  <system-out/>
  <testcase classname="com.SwagLabs.Tests.LoginTest" name="Swag_Login" time="0.587"/>
  <system-out/>
  <testcase classname="com.SwagLabs.Tests.LoginTest" name="Swag_Login" time="0.627"/>
  <system-out/>
  <testcase classname="com.SwagLabs.Tests.LoginTest" name="Swag_Login" time="0.481"/>
  <system-out/>
  <testcase classname="com.SwagLabs.Tests.LoginTest" name="Swag_Login" time="5.584"/>
  <system-out/>
</testsuite> <!-- com.SwagLabs.Tests.LoginTest -->
