<?xml version="1.0" encoding="UTF-8"?>
<!-- Generated by org.testng.reporters.JUnitReportReporter -->
<testsuite hostname="LAPTOP-CNSK0O45" failures="0" tests="1" name="com.SwagLabs.Tests.TestCaseValidations" time="3.639" errors="0" timestamp="2025-04-02T14:10:38 IST" skipped="0">
  <testcase classname="com.SwagLabs.Tests.TestCaseValidations" name="filterProducts" time="3.639"/>
  <system-out/>
</testsuite> <!-- com.SwagLabs.Tests.TestCaseValidations -->
